Traceback (most recent call last):
  File "/opt/hostedtoolcache/Python/3.8.12/x64/lib/python3.8/site-packages/jupyter_cache/executors/utils.py", line 51, in single_nb_execution
    executenb(
  File "/opt/hostedtoolcache/Python/3.8.12/x64/lib/python3.8/site-packages/nbclient/client.py", line 1085, in execute
    return NotebookClient(nb=nb, resources=resources, km=km, **kwargs).execute()
  File "/opt/hostedtoolcache/Python/3.8.12/x64/lib/python3.8/site-packages/nbclient/util.py", line 84, in wrapped
    return just_run(coro(*args, **kwargs))
  File "/opt/hostedtoolcache/Python/3.8.12/x64/lib/python3.8/site-packages/nbclient/util.py", line 62, in just_run
    return loop.run_until_complete(coro)
  File "/opt/hostedtoolcache/Python/3.8.12/x64/lib/python3.8/asyncio/base_events.py", line 616, in run_until_complete
    return future.result()
  File "/opt/hostedtoolcache/Python/3.8.12/x64/lib/python3.8/site-packages/nbclient/client.py", line 551, in async_execute
    await self.async_execute_cell(
  File "/opt/hostedtoolcache/Python/3.8.12/x64/lib/python3.8/site-packages/nbclient/client.py", line 846, in async_execute_cell
    self._check_raise_for_error(cell, exec_reply)
  File "/opt/hostedtoolcache/Python/3.8.12/x64/lib/python3.8/site-packages/nbclient/client.py", line 748, in _check_raise_for_error
    raise CellExecutionError.from_cell_and_msg(cell, exec_reply_content)
nbclient.exceptions.CellExecutionError: An error occurred while executing the following cell:
------------------
# create a list of numbers: cube of odd and square of even

square_cube = [num**2 if num%2 == 0 else num**3 for num in range(0, 11)]

print(even_odd)
------------------

[0;31m---------------------------------------------------------------------------[0m
[0;31mNameError[0m                                 Traceback (most recent call last)
Input [0;32mIn [9][0m, in [0;36m<module>[0;34m[0m
[1;32m      1[0m [38;5;66;03m# create a list of numbers: cube of odd and square of even[39;00m
[1;32m      3[0m square_cube [38;5;241m=[39m [num[38;5;241m*[39m[38;5;241m*[39m[38;5;241m2[39m [38;5;28;01mif[39;00m num[38;5;241m%[39m[38;5;241m2[39m [38;5;241m==[39m [38;5;241m0[39m [38;5;28;01melse[39;00m num[38;5;241m*[39m[38;5;241m*[39m[38;5;241m3[39m [38;5;28;01mfor[39;00m num [38;5;129;01min[39;00m [38;5;28mrange[39m([38;5;241m0[39m, [38;5;241m11[39m)]
[0;32m----> 5[0m [38;5;28mprint[39m([43meven_odd[49m)

[0;31mNameError[0m: name 'even_odd' is not defined
NameError: name 'even_odd' is not defined

