Traceback (most recent call last):
  File "/opt/hostedtoolcache/Python/3.8.12/x64/lib/python3.8/site-packages/jupyter_cache/executors/utils.py", line 51, in single_nb_execution
    executenb(
  File "/opt/hostedtoolcache/Python/3.8.12/x64/lib/python3.8/site-packages/nbclient/client.py", line 1093, in execute
    return NotebookClient(nb=nb, resources=resources, km=km, **kwargs).execute()
  File "/opt/hostedtoolcache/Python/3.8.12/x64/lib/python3.8/site-packages/nbclient/util.py", line 84, in wrapped
    return just_run(coro(*args, **kwargs))
  File "/opt/hostedtoolcache/Python/3.8.12/x64/lib/python3.8/site-packages/nbclient/util.py", line 62, in just_run
    return loop.run_until_complete(coro)
  File "/opt/hostedtoolcache/Python/3.8.12/x64/lib/python3.8/asyncio/base_events.py", line 616, in run_until_complete
    return future.result()
  File "/opt/hostedtoolcache/Python/3.8.12/x64/lib/python3.8/site-packages/nbclient/client.py", line 559, in async_execute
    await self.async_execute_cell(
  File "/opt/hostedtoolcache/Python/3.8.12/x64/lib/python3.8/site-packages/nbclient/client.py", line 854, in async_execute_cell
    self._check_raise_for_error(cell, exec_reply)
  File "/opt/hostedtoolcache/Python/3.8.12/x64/lib/python3.8/site-packages/nbclient/client.py", line 756, in _check_raise_for_error
    raise CellExecutionError.from_cell_and_msg(cell, exec_reply_content)
nbclient.exceptions.CellExecutionError: An error occurred while executing the following cell:
------------------
Uyghur_letters = {'p':'paqa', 'b':'béliq', 'e':'eynek'}

# use non-existent keys
print(Uyghur_letters['ö'])
------------------

[0;31m---------------------------------------------------------------------------[0m
[0;31mKeyError[0m                                  Traceback (most recent call last)
Input [0;32mIn [6][0m, in [0;36m<module>[0;34m[0m
[1;32m      1[0m Uyghur_letters [38;5;241m=[39m {[38;5;124m'[39m[38;5;124mp[39m[38;5;124m'[39m:[38;5;124m'[39m[38;5;124mpaqa[39m[38;5;124m'[39m, [38;5;124m'[39m[38;5;124mb[39m[38;5;124m'[39m:[38;5;124m'[39m[38;5;124mbéliq[39m[38;5;124m'[39m, [38;5;124m'[39m[38;5;124me[39m[38;5;124m'[39m:[38;5;124m'[39m[38;5;124meynek[39m[38;5;124m'[39m}
[1;32m      3[0m [38;5;66;03m# use non-existent keys[39;00m
[0;32m----> 4[0m [38;5;28mprint[39m([43mUyghur_letters[49m[43m[[49m[38;5;124;43m'[39;49m[38;5;124;43mö[39;49m[38;5;124;43m'[39;49m[43m][49m)

[0;31mKeyError[0m: 'ö'
KeyError: 'ö'

